<?xml version="1.0" encoding="UTF-8"?>
<testsuite xmlns:xsi="http://www.w3.org/2001/XMLSchema-instance" xsi:schemaLocation="https://maven.apache.org/surefire/maven-surefire-plugin/xsd/surefire-test-report.xsd" name="Runner.TestRunner" time="1.444" tests="1" errors="0" skipped="0" failures="1">
  <properties>
[...]
</properties>
  <testcase name="feature" classname="Runner.TestRunner" time="0.348">
    <failure message="java.lang.IllegalStateException: The driver executable does not exist: C:\eclipse-workspace\PriceCompare\src\test\resources\chromedriver.exe" type="cucumber.runtime.CucumberException">cucumber.runtime.CucumberException: java.lang.IllegalStateException: The driver executable does not exist: C:\eclipse-workspace\PriceCompare\src\test\resources\chromedriver.exe
Caused by: java.lang.IllegalStateException: The driver executable does not exist: C:\eclipse-workspace\PriceCompare\src\test\resources\chromedriver.exe
</failure>
    <system-out><![CDATA[Feature: iPhone XR (64GB) - Yellow price comparision
  I want to comapre iPhone XR (64GB) - Yellow price in Amazon and Flipkart

  @runTest
  Scenario: iPhone XR (64GB) - Yellow price comparision                 &amp#27;[90m# PriceCompare.feature:5&amp#27;[0m
    &amp#27;[31mGiven &amp#27;[0m&amp#27;[31mUser opens browser&amp#27;[0m                                            &amp#27;[90m# priceComp.user_opens_browser()&amp#27;[0m
      &amp#27;[31mjava.lang.IllegalStateException: The driver executable does not exist: C:\eclipse-workspace\PriceCompare\src\test\resources\chromedriver.exe
      	at com.google.common.base.Preconditions.checkState(Preconditions.java:588)
      	at org.openqa.selenium.remote.service.DriverService.checkExecutable(DriverService.java:137)
      	at org.openqa.selenium.remote.service.DriverService.findExecutable(DriverService.java:132)
      	at org.openqa.selenium.chrome.ChromeDriverService.access$000(ChromeDriverService.java:35)
      	at org.openqa.selenium.chrome.ChromeDriverService$Builder.findDefaultExecutable(ChromeDriverService.java:156)
      	at org.openqa.selenium.remote.service.DriverService$Builder.build(DriverService.java:346)
      	at org.openqa.selenium.chrome.ChromeDriverService.createDefaultService(ChromeDriverService.java:91)
      	at org.openqa.selenium.chrome.ChromeDriver.<init>(ChromeDriver.java:123)
      	at StepDef.priceComp.user_opens_browser(priceComp.java:23)
      	at ?.Given User opens browser(PriceCompare.feature:6)
      &amp#27;[0m
    &amp#27;[36mAnd &amp#27;[0m&amp#27;[36mnavigates to amazon&amp#27;[0m                                             &amp#27;[90m# priceComp.navigates_to_https_www_amazon_in()&amp#27;[0m
    &amp#27;[36mWhen &amp#27;[0m&amp#27;[36mpage is loaded, searches for iPhone XR 64GB Yellow in amazon&amp#27;[0m   &amp#27;[90m# priceComp.page_is_loaded_search_for_iPhone_XR_64GB_Yellow_in_amazon()&amp#27;[0m
    &amp#27;[36mAnd &amp#27;[0m&amp#27;[36mSelect the matching iPhone once list appears in amazon&amp#27;[0m          &amp#27;[90m# priceComp.select_the_matching_iPhone_once_list_appears_in_amazon()&amp#27;[0m
    &amp#27;[36mAnd &amp#27;[0m&amp#27;[36mGets the price of the selected iPhone&amp#27;[0m                           &amp#27;[90m# priceComp.gets_the_price_of_the_selected_iPhone()&amp#27;[0m
    &amp#27;[36mThen &amp#27;[0m&amp#27;[36mnavigates to flipkart&amp#27;[0m                                          &amp#27;[90m# priceComp.navigates_to_https_www_flipkart_com()&amp#27;[0m
    &amp#27;[36mWhen &amp#27;[0m&amp#27;[36mpage is loaded, searches for iPhone XR 64GB Yellow in flipkart&amp#27;[0m &amp#27;[90m# priceComp.page_is_loaded_search_for_iPhone_XR_64GB_Yellow_in_flipkart()&amp#27;[0m
    &amp#27;[36mAnd &amp#27;[0m&amp#27;[36mSelect the matching iPhone once list appears in flipkart&amp#27;[0m        &amp#27;[90m# priceComp.select_the_matching_iPhone_once_list_appears_in_flipkart()&amp#27;[0m
    &amp#27;[36mAnd &amp#27;[0m&amp#27;[36mGets the price of the selected iPhone&amp#27;[0m                           &amp#27;[90m# priceComp.gets_the_price_of_the_selected_iPhone()&amp#27;[0m
    &amp#27;[36mAnd &amp#27;[0m&amp#27;[36mfind which website has lesser value&amp#27;[0m                             &amp#27;[90m# priceComp.compares_the_price_on_both_the_website()&amp#27;[0m
]]></system-out>
  </testcase>
</testsuite>